CRITICAL - 2021-03-07 21:48:49 --> Undefined variable $product
#0 C:\xampp\htdocs\ci4\app\Views\form_product.php(26): CodeIgniter\Debug\Exceptions->errorHandler(2, 'Undefined varia...', 'C:\\xampp\\htdocs...', 26)
#1 C:\xampp\htdocs\ci4\system\View\View.php(220): include('C:\\xampp\\htdocs...')
#2 C:\xampp\htdocs\ci4\system\View\View.php(222): CodeIgniter\View\View->CodeIgniter\View\{closure}()
#3 C:\xampp\htdocs\ci4\system\Common.php(1217): CodeIgniter\View\View->render('form_product', Array, true)
#4 C:\xampp\htdocs\ci4\app\Controllers\Product.php(27): view('form_product', Array)
#5 C:\xampp\htdocs\ci4\system\CodeIgniter.php(936): App\Controllers\Product->input()
#6 C:\xampp\htdocs\ci4\system\CodeIgniter.php(432): CodeIgniter\CodeIgniter->runController(Object(App\Controllers\Product))
#7 C:\xampp\htdocs\ci4\system\CodeIgniter.php(333): CodeIgniter\CodeIgniter->handleRequest(NULL, Object(Config\Cache), false)
#8 C:\xampp\htdocs\ci4\public\index.php(44): CodeIgniter\CodeIgniter->run()
#9 C:\xampp\htdocs\ci4\system\Commands\Server\rewrite.php(45): require_once('C:\\xampp\\htdocs...')
#10 {main}
CRITICAL - 2021-03-07 21:49:04 --> Undefined property: stdClass::$id_product
#0 C:\xampp\htdocs\ci4\app\Views\form_product.php(28): CodeIgniter\Debug\Exceptions->errorHandler(2, 'Undefined prope...', 'C:\\xampp\\htdocs...', 28)
#1 C:\xampp\htdocs\ci4\system\View\View.php(220): include('C:\\xampp\\htdocs...')
#2 C:\xampp\htdocs\ci4\system\View\View.php(222): CodeIgniter\View\View->CodeIgniter\View\{closure}()
#3 C:\xampp\htdocs\ci4\system\Common.php(1217): CodeIgniter\View\View->render('form_product', Array, true)
#4 C:\xampp\htdocs\ci4\app\Controllers\Product.php(27): view('form_product', Array)
#5 C:\xampp\htdocs\ci4\system\CodeIgniter.php(936): App\Controllers\Product->input()
#6 C:\xampp\htdocs\ci4\system\CodeIgniter.php(432): CodeIgniter\CodeIgniter->runController(Object(App\Controllers\Product))
#7 C:\xampp\htdocs\ci4\system\CodeIgniter.php(333): CodeIgniter\CodeIgniter->handleRequest(NULL, Object(Config\Cache), false)
#8 C:\xampp\htdocs\ci4\public\index.php(44): CodeIgniter\CodeIgniter->run()
#9 C:\xampp\htdocs\ci4\system\Commands\Server\rewrite.php(45): require_once('C:\\xampp\\htdocs...')
#10 {main}
