CRITICAL - 2021-02-22 01:04:01 --> Invalid file: layout/header.php
#0 C:\xampp\htdocs\ci4\system\View\View.php(203): CodeIgniter\Exceptions\FrameworkException::forInvalidFile('layout/header.p...')
#1 C:\xampp\htdocs\ci4\system\Common.php(1217): CodeIgniter\View\View->render('layout/header', Array, true)
#2 C:\xampp\htdocs\ci4\app\Controllers\Product.php(9): view('layout/header')
#3 C:\xampp\htdocs\ci4\system\CodeIgniter.php(936): App\Controllers\Product->index()
#4 C:\xampp\htdocs\ci4\system\CodeIgniter.php(432): CodeIgniter\CodeIgniter->runController(Object(App\Controllers\Product))
#5 C:\xampp\htdocs\ci4\system\CodeIgniter.php(333): CodeIgniter\CodeIgniter->handleRequest(NULL, Object(Config\Cache), false)
#6 C:\xampp\htdocs\ci4\public\index.php(44): CodeIgniter\CodeIgniter->run()
#7 C:\xampp\htdocs\ci4\system\Commands\Server\rewrite.php(45): require_once('C:\\xampp\\htdocs...')
#8 {main}
CRITICAL - 2021-02-22 01:04:02 --> Invalid file: layout/header.php
#0 C:\xampp\htdocs\ci4\system\View\View.php(203): CodeIgniter\Exceptions\FrameworkException::forInvalidFile('layout/header.p...')
#1 C:\xampp\htdocs\ci4\system\Common.php(1217): CodeIgniter\View\View->render('layout/header', Array, true)
#2 C:\xampp\htdocs\ci4\app\Controllers\Product.php(9): view('layout/header')
#3 C:\xampp\htdocs\ci4\system\CodeIgniter.php(936): App\Controllers\Product->index()
#4 C:\xampp\htdocs\ci4\system\CodeIgniter.php(432): CodeIgniter\CodeIgniter->runController(Object(App\Controllers\Product))
#5 C:\xampp\htdocs\ci4\system\CodeIgniter.php(333): CodeIgniter\CodeIgniter->handleRequest(NULL, Object(Config\Cache), false)
#6 C:\xampp\htdocs\ci4\public\index.php(44): CodeIgniter\CodeIgniter->run()
#7 C:\xampp\htdocs\ci4\system\Commands\Server\rewrite.php(45): require_once('C:\\xampp\\htdocs...')
#8 {main}
CRITICAL - 2021-02-22 01:04:44 --> Invalid file: layout/header.php
#0 C:\xampp\htdocs\ci4\system\View\View.php(203): CodeIgniter\Exceptions\FrameworkException::forInvalidFile('layout/header.p...')
#1 C:\xampp\htdocs\ci4\system\Common.php(1217): CodeIgniter\View\View->render('layout/header', Array, true)
#2 C:\xampp\htdocs\ci4\app\Controllers\Product.php(9): view('layout/header')
#3 C:\xampp\htdocs\ci4\system\CodeIgniter.php(936): App\Controllers\Product->index()
#4 C:\xampp\htdocs\ci4\system\CodeIgniter.php(432): CodeIgniter\CodeIgniter->runController(Object(App\Controllers\Product))
#5 C:\xampp\htdocs\ci4\system\CodeIgniter.php(333): CodeIgniter\CodeIgniter->handleRequest(NULL, Object(Config\Cache), false)
#6 C:\xampp\htdocs\ci4\public\index.php(44): CodeIgniter\CodeIgniter->run()
#7 C:\xampp\htdocs\ci4\system\Commands\Server\rewrite.php(45): require_once('C:\\xampp\\htdocs...')
#8 {main}
CRITICAL - 2021-02-22 01:05:50 --> Invalid file: layout/header.php
#0 C:\xampp\htdocs\ci4\system\View\View.php(203): CodeIgniter\Exceptions\FrameworkException::forInvalidFile('layout/header.p...')
#1 C:\xampp\htdocs\ci4\system\Common.php(1217): CodeIgniter\View\View->render('layout/header', Array, true)
#2 C:\xampp\htdocs\ci4\app\Controllers\Product.php(9): view('layout/header')
#3 C:\xampp\htdocs\ci4\system\CodeIgniter.php(936): App\Controllers\Product->index()
#4 C:\xampp\htdocs\ci4\system\CodeIgniter.php(432): CodeIgniter\CodeIgniter->runController(Object(App\Controllers\Product))
#5 C:\xampp\htdocs\ci4\system\CodeIgniter.php(333): CodeIgniter\CodeIgniter->handleRequest(NULL, Object(Config\Cache), false)
#6 C:\xampp\htdocs\ci4\public\index.php(44): CodeIgniter\CodeIgniter->run()
#7 C:\xampp\htdocs\ci4\system\Commands\Server\rewrite.php(45): require_once('C:\\xampp\\htdocs...')
#8 {main}
CRITICAL - 2021-02-22 01:06:04 --> Invalid file: layout/header.php
#0 C:\xampp\htdocs\ci4\system\View\View.php(203): CodeIgniter\Exceptions\FrameworkException::forInvalidFile('layout/header.p...')
#1 C:\xampp\htdocs\ci4\system\Common.php(1217): CodeIgniter\View\View->render('layout/header', Array, true)
#2 C:\xampp\htdocs\ci4\app\Controllers\Product.php(9): view('layout/header')
#3 C:\xampp\htdocs\ci4\system\CodeIgniter.php(936): App\Controllers\Product->index()
#4 C:\xampp\htdocs\ci4\system\CodeIgniter.php(432): CodeIgniter\CodeIgniter->runController(Object(App\Controllers\Product))
#5 C:\xampp\htdocs\ci4\system\CodeIgniter.php(333): CodeIgniter\CodeIgniter->handleRequest(NULL, Object(Config\Cache), false)
#6 C:\xampp\htdocs\ci4\public\index.php(44): CodeIgniter\CodeIgniter->run()
#7 C:\xampp\htdocs\ci4\system\Commands\Server\rewrite.php(45): require_once('C:\\xampp\\htdocs...')
#8 {main}
CRITICAL - 2021-02-22 01:06:05 --> Invalid file: layout/header.php
#0 C:\xampp\htdocs\ci4\system\View\View.php(203): CodeIgniter\Exceptions\FrameworkException::forInvalidFile('layout/header.p...')
#1 C:\xampp\htdocs\ci4\system\Common.php(1217): CodeIgniter\View\View->render('layout/header', Array, true)
#2 C:\xampp\htdocs\ci4\app\Controllers\Product.php(9): view('layout/header')
#3 C:\xampp\htdocs\ci4\system\CodeIgniter.php(936): App\Controllers\Product->index()
#4 C:\xampp\htdocs\ci4\system\CodeIgniter.php(432): CodeIgniter\CodeIgniter->runController(Object(App\Controllers\Product))
#5 C:\xampp\htdocs\ci4\system\CodeIgniter.php(333): CodeIgniter\CodeIgniter->handleRequest(NULL, Object(Config\Cache), false)
#6 C:\xampp\htdocs\ci4\public\index.php(44): CodeIgniter\CodeIgniter->run()
#7 C:\xampp\htdocs\ci4\system\Commands\Server\rewrite.php(45): require_once('C:\\xampp\\htdocs...')
#8 {main}
CRITICAL - 2021-02-22 01:06:31 --> Invalid file: layout/header.php
#0 C:\xampp\htdocs\ci4\system\View\View.php(203): CodeIgniter\Exceptions\FrameworkException::forInvalidFile('layout/header.p...')
#1 C:\xampp\htdocs\ci4\system\Common.php(1217): CodeIgniter\View\View->render('layout/header', Array, true)
#2 C:\xampp\htdocs\ci4\app\Controllers\Product.php(9): view('layout/header')
#3 C:\xampp\htdocs\ci4\system\CodeIgniter.php(936): App\Controllers\Product->index()
#4 C:\xampp\htdocs\ci4\system\CodeIgniter.php(432): CodeIgniter\CodeIgniter->runController(Object(App\Controllers\Product))
#5 C:\xampp\htdocs\ci4\system\CodeIgniter.php(333): CodeIgniter\CodeIgniter->handleRequest(NULL, Object(Config\Cache), false)
#6 C:\xampp\htdocs\ci4\public\index.php(44): CodeIgniter\CodeIgniter->run()
#7 C:\xampp\htdocs\ci4\system\Commands\Server\rewrite.php(45): require_once('C:\\xampp\\htdocs...')
#8 {main}
CRITICAL - 2021-02-22 01:06:32 --> Invalid file: layout/header.php
#0 C:\xampp\htdocs\ci4\system\View\View.php(203): CodeIgniter\Exceptions\FrameworkException::forInvalidFile('layout/header.p...')
#1 C:\xampp\htdocs\ci4\system\Common.php(1217): CodeIgniter\View\View->render('layout/header', Array, true)
#2 C:\xampp\htdocs\ci4\app\Controllers\Product.php(9): view('layout/header')
#3 C:\xampp\htdocs\ci4\system\CodeIgniter.php(936): App\Controllers\Product->index()
#4 C:\xampp\htdocs\ci4\system\CodeIgniter.php(432): CodeIgniter\CodeIgniter->runController(Object(App\Controllers\Product))
#5 C:\xampp\htdocs\ci4\system\CodeIgniter.php(333): CodeIgniter\CodeIgniter->handleRequest(NULL, Object(Config\Cache), false)
#6 C:\xampp\htdocs\ci4\public\index.php(44): CodeIgniter\CodeIgniter->run()
#7 C:\xampp\htdocs\ci4\system\Commands\Server\rewrite.php(45): require_once('C:\\xampp\\htdocs...')
#8 {main}
CRITICAL - 2021-02-22 01:06:33 --> Invalid file: layout/header.php
#0 C:\xampp\htdocs\ci4\system\View\View.php(203): CodeIgniter\Exceptions\FrameworkException::forInvalidFile('layout/header.p...')
#1 C:\xampp\htdocs\ci4\system\Common.php(1217): CodeIgniter\View\View->render('layout/header', Array, true)
#2 C:\xampp\htdocs\ci4\app\Controllers\Product.php(9): view('layout/header')
#3 C:\xampp\htdocs\ci4\system\CodeIgniter.php(936): App\Controllers\Product->index()
#4 C:\xampp\htdocs\ci4\system\CodeIgniter.php(432): CodeIgniter\CodeIgniter->runController(Object(App\Controllers\Product))
#5 C:\xampp\htdocs\ci4\system\CodeIgniter.php(333): CodeIgniter\CodeIgniter->handleRequest(NULL, Object(Config\Cache), false)
#6 C:\xampp\htdocs\ci4\public\index.php(44): CodeIgniter\CodeIgniter->run()
#7 C:\xampp\htdocs\ci4\system\Commands\Server\rewrite.php(45): require_once('C:\\xampp\\htdocs...')
#8 {main}
CRITICAL - 2021-02-22 01:06:33 --> Invalid file: layout/header.php
#0 C:\xampp\htdocs\ci4\system\View\View.php(203): CodeIgniter\Exceptions\FrameworkException::forInvalidFile('layout/header.p...')
#1 C:\xampp\htdocs\ci4\system\Common.php(1217): CodeIgniter\View\View->render('layout/header', Array, true)
#2 C:\xampp\htdocs\ci4\app\Controllers\Product.php(9): view('layout/header')
#3 C:\xampp\htdocs\ci4\system\CodeIgniter.php(936): App\Controllers\Product->index()
#4 C:\xampp\htdocs\ci4\system\CodeIgniter.php(432): CodeIgniter\CodeIgniter->runController(Object(App\Controllers\Product))
#5 C:\xampp\htdocs\ci4\system\CodeIgniter.php(333): CodeIgniter\CodeIgniter->handleRequest(NULL, Object(Config\Cache), false)
#6 C:\xampp\htdocs\ci4\public\index.php(44): CodeIgniter\CodeIgniter->run()
#7 C:\xampp\htdocs\ci4\system\Commands\Server\rewrite.php(45): require_once('C:\\xampp\\htdocs...')
#8 {main}
CRITICAL - 2021-02-22 01:06:33 --> Invalid file: layout/header.php
#0 C:\xampp\htdocs\ci4\system\View\View.php(203): CodeIgniter\Exceptions\FrameworkException::forInvalidFile('layout/header.p...')
#1 C:\xampp\htdocs\ci4\system\Common.php(1217): CodeIgniter\View\View->render('layout/header', Array, true)
#2 C:\xampp\htdocs\ci4\app\Controllers\Product.php(9): view('layout/header')
#3 C:\xampp\htdocs\ci4\system\CodeIgniter.php(936): App\Controllers\Product->index()
#4 C:\xampp\htdocs\ci4\system\CodeIgniter.php(432): CodeIgniter\CodeIgniter->runController(Object(App\Controllers\Product))
#5 C:\xampp\htdocs\ci4\system\CodeIgniter.php(333): CodeIgniter\CodeIgniter->handleRequest(NULL, Object(Config\Cache), false)
#6 C:\xampp\htdocs\ci4\public\index.php(44): CodeIgniter\CodeIgniter->run()
#7 C:\xampp\htdocs\ci4\system\Commands\Server\rewrite.php(45): require_once('C:\\xampp\\htdocs...')
#8 {main}
CRITICAL - 2021-02-22 01:06:33 --> Invalid file: layout/header.php
#0 C:\xampp\htdocs\ci4\system\View\View.php(203): CodeIgniter\Exceptions\FrameworkException::forInvalidFile('layout/header.p...')
#1 C:\xampp\htdocs\ci4\system\Common.php(1217): CodeIgniter\View\View->render('layout/header', Array, true)
#2 C:\xampp\htdocs\ci4\app\Controllers\Product.php(9): view('layout/header')
#3 C:\xampp\htdocs\ci4\system\CodeIgniter.php(936): App\Controllers\Product->index()
#4 C:\xampp\htdocs\ci4\system\CodeIgniter.php(432): CodeIgniter\CodeIgniter->runController(Object(App\Controllers\Product))
#5 C:\xampp\htdocs\ci4\system\CodeIgniter.php(333): CodeIgniter\CodeIgniter->handleRequest(NULL, Object(Config\Cache), false)
#6 C:\xampp\htdocs\ci4\public\index.php(44): CodeIgniter\CodeIgniter->run()
#7 C:\xampp\htdocs\ci4\system\Commands\Server\rewrite.php(45): require_once('C:\\xampp\\htdocs...')
#8 {main}
CRITICAL - 2021-02-22 01:06:46 --> Invalid file: layout/header.php
#0 C:\xampp\htdocs\ci4\system\View\View.php(203): CodeIgniter\Exceptions\FrameworkException::forInvalidFile('layout/header.p...')
#1 C:\xampp\htdocs\ci4\system\Common.php(1217): CodeIgniter\View\View->render('layout/header', Array, true)
#2 C:\xampp\htdocs\ci4\app\Controllers\Product.php(9): view('layout/header')
#3 C:\xampp\htdocs\ci4\system\CodeIgniter.php(936): App\Controllers\Product->index()
#4 C:\xampp\htdocs\ci4\system\CodeIgniter.php(432): CodeIgniter\CodeIgniter->runController(Object(App\Controllers\Product))
#5 C:\xampp\htdocs\ci4\system\CodeIgniter.php(333): CodeIgniter\CodeIgniter->handleRequest(NULL, Object(Config\Cache), false)
#6 C:\xampp\htdocs\ci4\public\index.php(44): CodeIgniter\CodeIgniter->run()
#7 C:\xampp\htdocs\ci4\system\Commands\Server\rewrite.php(45): require_once('C:\\xampp\\htdocs...')
#8 {main}
CRITICAL - 2021-02-22 01:07:36 --> Invalid file: layout/header.php
#0 C:\xampp\htdocs\ci4\system\View\View.php(203): CodeIgniter\Exceptions\FrameworkException::forInvalidFile('layout/header.p...')
#1 C:\xampp\htdocs\ci4\system\Common.php(1217): CodeIgniter\View\View->render('layout/header', Array, true)
#2 C:\xampp\htdocs\ci4\app\Controllers\Product.php(9): view('layout/header')
#3 C:\xampp\htdocs\ci4\system\CodeIgniter.php(936): App\Controllers\Product->index()
#4 C:\xampp\htdocs\ci4\system\CodeIgniter.php(432): CodeIgniter\CodeIgniter->runController(Object(App\Controllers\Product))
#5 C:\xampp\htdocs\ci4\system\CodeIgniter.php(333): CodeIgniter\CodeIgniter->handleRequest(NULL, Object(Config\Cache), false)
#6 C:\xampp\htdocs\ci4\public\index.php(44): CodeIgniter\CodeIgniter->run()
#7 C:\xampp\htdocs\ci4\system\Commands\Server\rewrite.php(45): require_once('C:\\xampp\\htdocs...')
#8 {main}
CRITICAL - 2021-02-22 01:07:57 --> Invalid file: layout/header.php
#0 C:\xampp\htdocs\ci4\system\View\View.php(203): CodeIgniter\Exceptions\FrameworkException::forInvalidFile('layout/header.p...')
#1 C:\xampp\htdocs\ci4\system\Common.php(1217): CodeIgniter\View\View->render('layout/header', Array, true)
#2 C:\xampp\htdocs\ci4\app\Controllers\Product.php(9): view('layout/header')
#3 C:\xampp\htdocs\ci4\system\CodeIgniter.php(936): App\Controllers\Product->index()
#4 C:\xampp\htdocs\ci4\system\CodeIgniter.php(432): CodeIgniter\CodeIgniter->runController(Object(App\Controllers\Product))
#5 C:\xampp\htdocs\ci4\system\CodeIgniter.php(333): CodeIgniter\CodeIgniter->handleRequest(NULL, Object(Config\Cache), false)
#6 C:\xampp\htdocs\ci4\public\index.php(44): CodeIgniter\CodeIgniter->run()
#7 C:\xampp\htdocs\ci4\system\Commands\Server\rewrite.php(45): require_once('C:\\xampp\\htdocs...')
#8 {main}
CRITICAL - 2021-02-22 01:09:19 --> Invalid file: layout/header.php
#0 C:\xampp\htdocs\ci4\system\View\View.php(203): CodeIgniter\Exceptions\FrameworkException::forInvalidFile('layout/header.p...')
#1 C:\xampp\htdocs\ci4\system\Common.php(1217): CodeIgniter\View\View->render('layout/header', Array, true)
#2 C:\xampp\htdocs\ci4\app\Controllers\Product.php(9): view('layout/header')
#3 C:\xampp\htdocs\ci4\system\CodeIgniter.php(936): App\Controllers\Product->index()
#4 C:\xampp\htdocs\ci4\system\CodeIgniter.php(432): CodeIgniter\CodeIgniter->runController(Object(App\Controllers\Product))
#5 C:\xampp\htdocs\ci4\system\CodeIgniter.php(333): CodeIgniter\CodeIgniter->handleRequest(NULL, Object(Config\Cache), false)
#6 C:\xampp\htdocs\ci4\public\index.php(44): CodeIgniter\CodeIgniter->run()
#7 C:\xampp\htdocs\ci4\system\Commands\Server\rewrite.php(45): require_once('C:\\xampp\\htdocs...')
#8 {main}
